<?xml version="1.0" encoding="UTF-8"?>
<testng-results ignored="0" total="1" passed="1" failed="0" skipped="0">
  <reporter-output>
  </reporter-output>
  <suite started-at="2025-01-16T11:40:35 IST" name="All Test Suite" finished-at="2025-01-16T11:40:48 IST" duration-ms="12996">
    <groups>
    </groups>
    <test started-at="2025-01-16T11:40:35 IST" name="selenium-web-test-framework" finished-at="2025-01-16T11:40:48 IST" duration-ms="12996">
      <class name="com.automation.tests.WebTest">
        <test-method is-config="true" signature="setUp()[pri:0, instance:com.automation.tests.WebTest@6aba2b86]" started-at="2025-01-16T11:40:35 IST" name="setUp" finished-at="2025-01-16T11:40:36 IST" duration-ms="967" status="PASS">
          <reporter-output>
          </reporter-output>
        </test-method> <!-- setUp -->
        <test-method signature="testGoogleSearch()[pri:0, instance:com.automation.tests.WebTest@6aba2b86]" started-at="2025-01-16T11:40:36 IST" name="testGoogleSearch" finished-at="2025-01-16T11:40:48 IST" duration-ms="11890" status="PASS">
          <reporter-output>
          </reporter-output>
        </test-method> <!-- testGoogleSearch -->
        <test-method is-config="true" signature="tearDown()[pri:0, instance:com.automation.tests.WebTest@6aba2b86]" started-at="2025-01-16T11:40:48 IST" name="tearDown" finished-at="2025-01-16T11:40:48 IST" duration-ms="109" status="PASS">
          <reporter-output>
          </reporter-output>
        </test-method> <!-- tearDown -->
      </class> <!-- com.automation.tests.WebTest -->
    </test> <!-- selenium-web-test-framework -->
  </suite> <!-- All Test Suite -->
</testng-results>
